<?xml version="1.0" encoding="UTF-8"?>
<testsuite xmlns:xsi="http://www.w3.org/2001/XMLSchema-instance" xsi:noNamespaceSchemaLocation="https://maven.apache.org/surefire/maven-surefire-plugin/xsd/surefire-test-report-3.0.xsd" version="3.0" name="com.udacity.security.data.SecurityServiceTest" time="0.321" tests="14" errors="0" skipped="0" failures="0">
  <properties>
[...]
</properties>
  <testcase name="ifImageDoesNotContainACat_setSystemIntoAlarmStatus" classname="com.udacity.security.data.SecurityServiceTest" time="0.248"/>
  <testcase name="ifAlarmIsActive_ChangeInSensorStateShouldNotAffectTheAlarmState(boolean)[1]" classname="com.udacity.security.data.SecurityServiceTest" time="0.01"/>
  <testcase name="ifAlarmIsActive_ChangeInSensorStateShouldNotAffectTheAlarmState(boolean)[2]" classname="com.udacity.security.data.SecurityServiceTest" time="0.002"/>
  <testcase name="ifImageContainsACatWhileTheSystemIsArmedHome_setSystemIntoAlarmStatus" classname="com.udacity.security.data.SecurityServiceTest" time="0.001"/>
  <testcase name="ifAlarmIsArmedAndSensorBecomesActivated_setAlarmIntoPendingStatus" classname="com.udacity.security.data.SecurityServiceTest" time="0.001"/>
  <testcase name="IfASensorIsDeactivatedWhileAlreadyInactive_MakeNoChangesToTheAlarmState(AlarmStatus)[1]" classname="com.udacity.security.data.SecurityServiceTest" time="0.002"/>
  <testcase name="IfASensorIsDeactivatedWhileAlreadyInactive_MakeNoChangesToTheAlarmState(AlarmStatus)[2]" classname="com.udacity.security.data.SecurityServiceTest" time="0.001"/>
  <testcase name="IfASensorIsDeactivatedWhileAlreadyInactive_MakeNoChangesToTheAlarmState(AlarmStatus)[3]" classname="com.udacity.security.data.SecurityServiceTest" time="0.001"/>
  <testcase name="ifAlarmIsArmedAndSensorBecomesActivatedAndSystemIsAlreadyPending_setAlarmIntoOnStatus" classname="com.udacity.security.data.SecurityServiceTest" time="0.001"/>
  <testcase name="ifSystemIsDisarmed_setStatusToNoAlarm" classname="com.udacity.security.data.SecurityServiceTest" time="0"/>
  <testcase name="ifASensorIsActivatedWhileAlreadyActiveAndSystemIsInPendingState_setItToAlarmState" classname="com.udacity.security.data.SecurityServiceTest" time="0.001"/>
  <testcase name="ifAlarmIsPendingAndAllSensorsAreInactive_returnToNoAlarmState" classname="com.udacity.security.data.SecurityServiceTest" time="0.003"/>
  <testcase name="ifSystemIsArmed_setAllSensorsToInactive" classname="com.udacity.security.data.SecurityServiceTest" time="0.003"/>
  <testcase name="ifSystemIsArmedHomeWhileTheImageIsACat_setAlarmStatusToAlarm" classname="com.udacity.security.data.SecurityServiceTest" time="0"/>
</testsuite>